build/app/outputs/mapping/release/usage.txt
androidx.core.provider.SelfDestructiveThread
io.flutter.embedding.engine.deferredcomponents.PlayStoreDeferredComponentManager
io.flutter.embedding.engine.plugins.service.ServicePluginBinding
androidx.loader.R$color
androidx.fragment.R$string
kotlin.sequences.SequencesKt___SequencesKt$onEach$1
kotlin.collections.Grouping
androidx.annotation.UiThread
kotlin.text.MatcherMatchResult$groups$1$iterator$1
androidx.customview.view.AbsSavedState$2
kotlin.text.CharDirectionality
io.flutter.embedding.android.FlutterFragment$CachedEngineFragmentBuilder
androidx.savedstate.R
kotlin.collections.IntIterator
androidx.annotation.GuardedBy
kotlin.ranges.ULongProgressionIterator
kotlin.jvm.KotlinReflectionNotSupportedError
androidx.fragment.app.FragmentState$1
androidx.core.R$integer
kotlin.jvm.JvmSuppressWildcards
kotlin.collections.ArraysKt___ArraysKt$asIterable$$inlined$Iterable$6
kotlin.comparisons.ReverseOrderComparator
kotlin.coroutines.experimental.ContinuationInterceptor$Key
kotlin.jvm.internal.markers.KMutableSet
kotlin.jvm.internal.IntSpreadBuilder
kotlin.sequences.SequencesKt___SequencesKt
androidx.core.content.res.FontResourcesParserCompat$FamilyResourceEntry
kotlin.sequences.SequencesKt___SequencesKt$groupingBy$1
io.flutter.app.FlutterPlayStoreSplitApplication
io.flutter.embedding.engine.plugins.service.ServiceControlSurface
androidx.core.widget.ListViewAutoScrollHelper
kotlin.text.MatchNamedGroupCollection
androidx.viewpager.widget.ViewPager$OnAdapterChangeListener
androidx.arch.core.executor.ArchTaskExecutor$2
io.flutter.embedding.engine.loader.FlutterLoader$Settings:
    public void setLogTag(java.lang.String)
kotlin.collections.ArraysKt___ArraysKt$withIndex$3
androidx.core.util.Pools$SynchronizedPool
androidx.arch.core.executor.ArchTaskExecutor
androidx.activity.ComponentActivity$NonConfigurationInstances
kotlin.jvm.functions.Function15
androidx.annotation.InspectableProperty
kotlin.io.OnErrorAction
androidx.core.app.ShareCompat
androidx.core.content.SharedPreferencesCompat$EditorCompat
kotlin.collections.ArraysKt___ArraysKt$asSequence$$inlined$Sequence$9
org.intellij.lang.annotations.Pattern
androidx.customview.widget.ViewDragHelper$1
androidx.lifecycle.MethodCallsLogger:
    public boolean approveCall(java.lang.String,int)
androidx.core.app.ActivityRecreator$LifecycleCheckCallbacks
androidx.fragment.app.FragmentManagerImpl$6
io.flutter.embedding.engine.plugins.service.ServiceAware:
    public abstract void onAttachedToService(io.flutter.embedding.engine.plugins.service.ServicePluginBinding)
io.flutter.embedding.engine.systemchannels.DeferredComponentChannel:
    public void completeInstallSuccess(java.lang.String)
    public void completeInstallError(java.lang.String,java.lang.String)
    private static final java.lang.String TAG
kotlin.jvm.internal.LocalVariableReferencesKt
kotlin.coroutines.CoroutineContext$DefaultImpls
androidx.core.os.LocaleListInterface
kotlin.random.URandomKt
kotlin.jvm.internal.LongSpreadBuilder
androidx.core.widget.ContentLoadingProgressBar$2
kotlin.collections.unsigned.UArraysKt___UArraysKt$withIndex$3
androidx.annotation.TransitionRes
androidx.fragment.app.FragmentTransition$2
kotlin.jvm.internal.ArrayIteratorKt
kotlin.sequences.Sequence
androidx.core.app.ComponentActivity$ExtraData
androidx.annotation.BinderThread
kotlin.text.StringsKt___StringsKt$groupingBy$1
io.flutter.app.FlutterActivityDelegate$ViewFactory
io.flutter.embedding.engine.plugins.contentprovider.ContentProviderControlSurface
kotlin.sequences.SequencesKt___SequencesKt$minus$3
androidx.fragment.app.FragmentTabHost$SavedState
io.flutter.embedding.android.FlutterFragment$1
androidx.core.app.ActivityRecreator$1
kotlin.io.TerminateException
kotlin.comparisons.UComparisonsKt___UComparisonsKt
androidx.annotation.PluralsRes
kotlin.reflect.KProperty2
androidx.core.content.pm.ShortcutManagerCompat$1
kotlin.text.StringsKt___StringsKt$windowedSequence$1
androidx.core.app.JobIntentService$CompatWorkItem